Heap:
 garbage-first heap   total 260096K, used 27651K [0x0000000702600000, 0x0000000800000000)
  region size 1024K, 1 young (1024K), 1 survivors (1024K)
 Metaspace       used 55216K, capacity 57127K, committed 57168K, reserved 1099776K
  class space    used 7156K, capacity 7909K, committed 7936K, reserved 1048576K
GC Heap History (20 events):
Event: 144755.513 GC heap before
{Heap before GC invocations=46 (full 0):
 garbage-first heap   total 260096K, used 181640K [0x0000000702600000, 0x0000000800000000)
  region size 1024K, 152 young (155648K), 1 survivors (1024K)
 Metaspace       used 55186K, capacity 57127K, committed 57168K, reserved 1099776K
  class space    used 7149K, capacity 7909K, committed 7936K, reserved 1048576K
}
Event: 144755.515 GC heap after
{Heap after GC invocations=47 (full 0):
 garbage-first heap   total 260096K, used 27009K [0x0000000702600000, 0x0000000800000000)
  region size 1024K, 1 young (1024K), 1 survivors (1024K)
 Metaspace       used 55186K, capacity 57127K, committed 57168K, reserved 1099776K
  class space    used 7149K, capacity 7909K, committed 7936K, reserved 1048576K
}
Event: 149180.992 GC heap before
{Heap before GC invocations=47 (full 0):
 garbage-first heap   total 260096K, used 181633K [0x0000000702600000, 0x0000000800000000)
  region size 1024K, 152 young (155648K), 1 survivors (1024K)
 Metaspace       used 55186K, capacity 57127K, committed 57168K, reserved 1099776K
  class space    used 7149K, capacity 7909K, committed 7936K, reserved 1048576K
}
Event: 149180.993 GC heap after
{Heap after GC invocations=48 (full 0):
 garbage-first heap   total 260096K, used 27015K [0x0000000702600000, 0x0000000800000000)
  region size 1024K, 1 young (1024K), 1 survivors (1024K)
 Metaspace       used 55186K, capacity 57127K, committed 57168K, reserved 1099776K
  class space    used 7149K, capacity 7909K, committed 7936K, reserved 1048576K
}
Event: 153536.355 GC heap before
{Heap before GC invocations=48 (full 0):
 garbage-first heap   total 260096K, used 180615K [0x0000000702600000, 0x0000000800000000)
  region size 1024K, 152 young (155648K), 1 survivors (1024K)
 Metaspace       used 55186K, capacity 57127K, committed 57168K, reserved 1099776K
  class space    used 7149K, capacity 7909K, committed 7936K, reserved 1048576K
}
Event: 153536.361 GC heap after
{Heap after GC invocations=49 (full 0):
 garbage-first heap   total 260096K, used 27015K [0x0000000702600000, 0x0000000800000000)
  region size 1024K, 1 young (1024K), 1 survivors (1024K)
 Metaspace       used 55186K, capacity 57127K, committed 57168K, reserved 1099776K
  class space    used 7149K, capacity 7909K, committed 7936K, reserved 1048576K
}
Event: 157902.769 GC heap before
{Heap before GC invocations=49 (full 0):
 garbage-first heap   total 260096K, used 180615K [0x0000000702600000, 0x0000000800000000)
  region size 1024K, 152 young (155648K), 1 survivors (1024K)
 Metaspace       used 55186K, capacity 57127K, committed 57168K, reserved 1099776K
  class space    used 7149K, capacity 7909K, committed 7936K, reserved 1048576K
}
Event: 157902.776 GC heap after
{Heap after GC invocations=50 (full 0):
 garbage-first heap   total 260096K, used 27013K [0x0000000702600000, 0x0000000800000000)
  region size 1024K, 1 young (1024K), 1 survivors (1024K)
 Metaspace       used 55186K, capacity 57127K, committed 57168K, reserved 1099776K
  class space    used 7149K, capacity 7909K, committed 7936K, reserved 1048576K
}
Event: 162266.969 GC heap before
{Heap before GC invocations=50 (full 0):
 garbage-first heap   total 260096K, used 180613K [0x0000000702600000, 0x0000000800000000)
  region size 1024K, 152 young (155648K), 1 survivors (1024K)
 Metaspace       used 55186K, capacity 57127K, committed 57168K, reserved 1099776K
  class space    used 7149K, capacity 7909K, committed 7936K, reserved 1048576K
}
Event: 162266.973 GC heap after
{Heap after GC invocations=51 (full 0):
 garbage-first heap   total 260096K, used 27017K [0x0000000702600000, 0x0000000800000000)
  region size 1024K, 1 young (1024K), 1 survivors (1024K)
 Metaspace       used 55186K, capacity 57127K, committed 57168K, reserved 1099776K
  class space    used 7149K, capacity 7909K, committed 7936K, reserved 1048576K
}
Event: 166634.176 GC heap before
{Heap before GC invocations=51 (full 0):
 garbage-first heap   total 260096K, used 180617K [0x0000000702600000, 0x0000000800000000)
  region size 1024K, 152 young (155648K), 1 survivors (1024K)
 Metaspace       used 55186K, capacity 57127K, committed 57168K, reserved 1099776K
  class space    used 7149K, capacity 7909K, committed 7936K, reserved 1048576K
}
Event: 166634.179 GC heap after
{Heap after GC invocations=52 (full 0):
 garbage-first heap   total 260096K, used 27009K [0x0000000702600000, 0x0000000800000000)
  region size 1024K, 1 young (1024K), 1 survivors (1024K)
 Metaspace       used 55186K, capacity 57127K, committed 57168K, reserved 1099776K
  class space    used 7149K, capacity 7909K, committed 7936K, reserved 1048576K
}
Event: 171127.282 GC heap before
{Heap before GC invocations=52 (full 0):
 garbage-first heap   total 260096K, used 181633K [0x0000000702600000, 0x0000000800000000)
  region size 1024K, 152 young (155648K), 1 survivors (1024K)
 Metaspace       used 55186K, capacity 57127K, committed 57168K, reserved 1099776K
  class space    used 7149K, capacity 7909K, committed 7936K, reserved 1048576K
}
Event: 171127.284 GC heap after
{Heap after GC invocations=53 (full 0):
 garbage-first heap   total 260096K, used 27028K [0x0000000702600000, 0x0000000800000000)
  region size 1024K, 1 young (1024K), 1 survivors (1024K)
 Metaspace       used 55186K, capacity 57127K, committed 57168K, reserved 1099776K
  class space    used 7149K, capacity 7909K, committed 7936K, reserved 1048576K
}
Event: 175550.803 GC heap before
{Heap before GC invocations=53 (full 0):
 garbage-first heap   total 260096K, used 180628K [0x0000000702600000, 0x0000000800000000)
  region size 1024K, 152 young (155648K), 1 survivors (1024K)
 Metaspace       used 55186K, capacity 57127K, committed 57168K, reserved 1099776K
  class space    used 7149K, capacity 7909K, committed 7936K, reserved 1048576K
}
Event: 175550.813 GC heap after
{Heap after GC invocations=54 (full 0):
 garbage-first heap   total 260096K, used 27024K [0x0000000702600000, 0x0000000800000000)
  region size 1024K, 1 young (1024K), 1 survivors (1024K)
 Metaspace       used 55186K, capacity 57127K, committed 57168K, reserved 1099776K
  class space    used 7149K, capacity 7909K, committed 7936K, reserved 1048576K
}
Event: 179959.759 GC heap before
{Heap before GC invocations=54 (full 0):
 garbage-first heap   total 260096K, used 180624K [0x0000000702600000, 0x0000000800000000)
  region size 1024K, 152 young (155648K), 1 survivors (1024K)
 Metaspace       used 55186K, capacity 57127K, committed 57168K, reserved 1099776K
  class space    used 7149K, capacity 7909K, committed 7936K, reserved 1048576K
}
Event: 179959.760 GC heap after
{Heap after GC invocations=55 (full 0):
 garbage-first heap   total 260096K, used 27020K [0x0000000702600000, 0x0000000800000000)
  region size 1024K, 1 young (1024K), 1 survivors (1024K)
 Metaspace       used 55186K, capacity 57127K, committed 57168K, reserved 1099776K
  class space    used 7149K, capacity 7909K, committed 7936K, reserved 1048576K
}
Event: 182070.274 GC heap before
{Heap before GC invocations=55 (full 0):
 garbage-first heap   total 260096K, used 100748K [0x0000000702600000, 0x0000000800000000)
  region size 1024K, 74 young (75776K), 1 survivors (1024K)
 Metaspace       used 55216K, capacity 57127K, committed 57168K, reserved 1099776K
  class space    used 7156K, capacity 7909K, committed 7936K, reserved 1048576K
}
Event: 182070.328 GC heap after
{Heap after GC invocations=56 (full 0):
 garbage-first heap   total 260096K, used 27651K [0x0000000702600000, 0x0000000800000000)
  region size 1024K, 1 young (1024K), 1 survivors (1024K)
 Metaspace       used 55216K, capacity 57127K, committed 57168K, reserved 1099776K
  class space    used 7156K, capacity 7909K, committed 7936K, reserved 1048576K
}

